{"uuid":"c137d661-24e8-424c-8649-aa72356ae823","historyId":"1cf5305bb136695eef9ddaf34849870f","fullName":"performing Data Structures-Introduction: The user is able to run code in tryEditor for Time Complexity page","labels":[{"name":"tag","value":"DataStructurePage"},{"name":"host","value":"deepika-evo"},{"name":"thread","value":"12432@deepika-evo.main(1)"},{"name":"feature","value":"performing Data Structures-Introduction"},{"name":"story","value":"The user is able to run code in tryEditor for Time Complexity page"},{"name":"suite","value":"performing Data Structures-Introduction"},{"name":"testClass","value":"The user is able to run code in tryEditor for Time Complexity page"},{"name":"framework","value":"cucumber4jvm"},{"name":"language","value":"java"},{"name":"gherkin_uri","value":"file:///C:/Users/sreej/NinjaTestSquad/NinjaTestSquad_DSAlgo/src/test/resources/features/04-DataStructure.feature"},{"name":"package","value":"src.test.resources.features.04-DataStructure_feature.performing Data Structures-Introduction"}],"links":[],"name":"The user is able to run code in tryEditor for Time Complexity page","status":"broken","statusDetails":{"known":false,"muted":false,"flaky":false,"message":"element not interactable\n  (Session info: chrome=114.0.5735.135)\nBuild info: version: '4.8.3', revision: 'e5e76298c3'\nSystem info: os.name: 'Windows 11', os.arch: 'amd64', os.version: '10.0', java.version: '19.0.2'\nDriver info: org.openqa.selenium.chrome.ChromeDriver\nCommand: [bb5fa82dbbfcb67b2e861f48aa1a99fa, sendKeysToElement {id=73F397F9CBAA92002C1CAA580AF510DF_element_153, value=[Ljava.lang.CharSequence;@5773f83d}]\nCapabilities {acceptInsecureCerts: false, browserName: chrome, browserVersion: 114.0.5735.135, chrome: {chromedriverVersion: 114.0.5735.90 (386bc09e8f4f..., userDataDir: C:\\Users\\sreej\\AppData\\Loca...}, goog:chromeOptions: {debuggerAddress: localhost:54483}, networkConnectionEnabled: false, pageLoadStrategy: normal, platformName: WINDOWS, proxy: Proxy(), se:cdp: ws://localhost:54483/devtoo..., se:cdpVersion: 114.0.5735.135, setWindowRect: true, strictFileInteractability: false, timeouts: {implicit: 0, pageLoad: 300000, script: 30000}, unhandledPromptBehavior: dismiss and notify, webauthn:extension:credBlob: true, webauthn:extension:largeBlob: true, webauthn:extension:minPinLength: true, webauthn:extension:prf: true, webauthn:virtualAuthenticators: true}\nElement: [[ChromeDriver: chrome on WINDOWS (bb5fa82dbbfcb67b2e861f48aa1a99fa)] -> xpath: //form/div/div/div/textarea]\nSession ID: bb5fa82dbbfcb67b2e861f48aa1a99fa","trace":"org.openqa.selenium.ElementNotInteractableException: element not interactable\n  (Session info: chrome=114.0.5735.135)\nBuild info: version: '4.8.3', revision: 'e5e76298c3'\nSystem info: os.name: 'Windows 11', os.arch: 'amd64', os.version: '10.0', java.version: '19.0.2'\nDriver info: org.openqa.selenium.chrome.ChromeDriver\nCommand: [bb5fa82dbbfcb67b2e861f48aa1a99fa, sendKeysToElement {id=73F397F9CBAA92002C1CAA580AF510DF_element_153, value=[Ljava.lang.CharSequence;@5773f83d}]\nCapabilities {acceptInsecureCerts: false, browserName: chrome, browserVersion: 114.0.5735.135, chrome: {chromedriverVersion: 114.0.5735.90 (386bc09e8f4f..., userDataDir: C:\\Users\\sreej\\AppData\\Loca...}, goog:chromeOptions: {debuggerAddress: localhost:54483}, networkConnectionEnabled: false, pageLoadStrategy: normal, platformName: WINDOWS, proxy: Proxy(), se:cdp: ws://localhost:54483/devtoo..., se:cdpVersion: 114.0.5735.135, setWindowRect: true, strictFileInteractability: false, timeouts: {implicit: 0, pageLoad: 300000, script: 30000}, unhandledPromptBehavior: dismiss and notify, webauthn:extension:credBlob: true, webauthn:extension:largeBlob: true, webauthn:extension:minPinLength: true, webauthn:extension:prf: true, webauthn:virtualAuthenticators: true}\nElement: [[ChromeDriver: chrome on WINDOWS (bb5fa82dbbfcb67b2e861f48aa1a99fa)] -> xpath: //form/div/div/div/textarea]\nSession ID: bb5fa82dbbfcb67b2e861f48aa1a99fa\r\n\tat java.base/jdk.internal.reflect.DirectConstructorHandleAccessor.newInstance(DirectConstructorHandleAccessor.java:67)\r\n\tat java.base/java.lang.reflect.Constructor.newInstanceWithCaller(Constructor.java:500)\r\n\tat java.base/java.lang.reflect.Constructor.newInstance(Constructor.java:484)\r\n\tat org.openqa.selenium.remote.codec.w3c.W3CHttpResponseCodec.createException(W3CHttpResponseCodec.java:200)\r\n\tat org.openqa.selenium.remote.codec.w3c.W3CHttpResponseCodec.decode(W3CHttpResponseCodec.java:133)\r\n\tat org.openqa.selenium.remote.codec.w3c.W3CHttpResponseCodec.decode(W3CHttpResponseCodec.java:53)\r\n\tat org.openqa.selenium.remote.HttpCommandExecutor.execute(HttpCommandExecutor.java:193)\r\n\tat org.openqa.selenium.remote.service.DriverCommandExecutor.invokeExecute(DriverCommandExecutor.java:183)\r\n\tat org.openqa.selenium.remote.service.DriverCommandExecutor.execute(DriverCommandExecutor.java:158)\r\n\tat org.openqa.selenium.remote.RemoteWebDriver.execute(RemoteWebDriver.java:543)\r\n\tat org.openqa.selenium.remote.RemoteWebElement.execute(RemoteWebElement.java:257)\r\n\tat org.openqa.selenium.remote.RemoteWebElement.sendKeys(RemoteWebElement.java:113)\r\n\tat java.base/jdk.internal.reflect.DirectMethodHandleAccessor.invoke(DirectMethodHandleAccessor.java:104)\r\n\tat java.base/java.lang.reflect.Method.invoke(Method.java:578)\r\n\tat org.openqa.selenium.support.pagefactory.internal.LocatingElementHandler.invoke(LocatingElementHandler.java:52)\r\n\tat jdk.proxy2/jdk.proxy2.$Proxy45.sendKeys(Unknown Source)\r\n\tat pageObjects.DataStructurePage.tryeditor(DataStructurePage.java:80)\r\n\tat stepDefinition.DatastructurePage_SD.user_enter_the_python_code_print_data_structure_introduction(DatastructurePage_SD.java:78)\r\n\tat ✽.user enter the Python code | print\"DataStructure Introduction\" |(file:///C:/Users/sreej/NinjaTestSquad/NinjaTestSquad_DSAlgo/src/test/resources/features/04-DataStructure.feature:26)\r\n"},"stage":"finished","steps":[{"name":"Given  The user is in page having an tryEditor with a Run button to test","status":"passed","statusDetails":{"known":false,"muted":false,"flaky":false},"stage":"finished","steps":[],"attachments":[],"parameters":[],"start":1687881617777,"stop":1687881618025},{"name":"When  user enter the Python code | print\"DataStructure Introduction\" |","status":"broken","statusDetails":{"known":false,"muted":false,"flaky":false,"message":"element not interactable\n  (Session info: chrome=114.0.5735.135)\nBuild info: version: '4.8.3', revision: 'e5e76298c3'\nSystem info: os.name: 'Windows 11', os.arch: 'amd64', os.version: '10.0', java.version: '19.0.2'\nDriver info: org.openqa.selenium.chrome.ChromeDriver\nCommand: [bb5fa82dbbfcb67b2e861f48aa1a99fa, sendKeysToElement {id=73F397F9CBAA92002C1CAA580AF510DF_element_153, value=[Ljava.lang.CharSequence;@5773f83d}]\nCapabilities {acceptInsecureCerts: false, browserName: chrome, browserVersion: 114.0.5735.135, chrome: {chromedriverVersion: 114.0.5735.90 (386bc09e8f4f..., userDataDir: C:\\Users\\sreej\\AppData\\Loca...}, goog:chromeOptions: {debuggerAddress: localhost:54483}, networkConnectionEnabled: false, pageLoadStrategy: normal, platformName: WINDOWS, proxy: Proxy(), se:cdp: ws://localhost:54483/devtoo..., se:cdpVersion: 114.0.5735.135, setWindowRect: true, strictFileInteractability: false, timeouts: {implicit: 0, pageLoad: 300000, script: 30000}, unhandledPromptBehavior: dismiss and notify, webauthn:extension:credBlob: true, webauthn:extension:largeBlob: true, webauthn:extension:minPinLength: true, webauthn:extension:prf: true, webauthn:virtualAuthenticators: true}\nElement: [[ChromeDriver: chrome on WINDOWS (bb5fa82dbbfcb67b2e861f48aa1a99fa)] -> xpath: //form/div/div/div/textarea]\nSession ID: bb5fa82dbbfcb67b2e861f48aa1a99fa","trace":"org.openqa.selenium.ElementNotInteractableException: element not interactable\n  (Session info: chrome=114.0.5735.135)\nBuild info: version: '4.8.3', revision: 'e5e76298c3'\nSystem info: os.name: 'Windows 11', os.arch: 'amd64', os.version: '10.0', java.version: '19.0.2'\nDriver info: org.openqa.selenium.chrome.ChromeDriver\nCommand: [bb5fa82dbbfcb67b2e861f48aa1a99fa, sendKeysToElement {id=73F397F9CBAA92002C1CAA580AF510DF_element_153, value=[Ljava.lang.CharSequence;@5773f83d}]\nCapabilities {acceptInsecureCerts: false, browserName: chrome, browserVersion: 114.0.5735.135, chrome: {chromedriverVersion: 114.0.5735.90 (386bc09e8f4f..., userDataDir: C:\\Users\\sreej\\AppData\\Loca...}, goog:chromeOptions: {debuggerAddress: localhost:54483}, networkConnectionEnabled: false, pageLoadStrategy: normal, platformName: WINDOWS, proxy: Proxy(), se:cdp: ws://localhost:54483/devtoo..., se:cdpVersion: 114.0.5735.135, setWindowRect: true, strictFileInteractability: false, timeouts: {implicit: 0, pageLoad: 300000, script: 30000}, unhandledPromptBehavior: dismiss and notify, webauthn:extension:credBlob: true, webauthn:extension:largeBlob: true, webauthn:extension:minPinLength: true, webauthn:extension:prf: true, webauthn:virtualAuthenticators: true}\nElement: [[ChromeDriver: chrome on WINDOWS (bb5fa82dbbfcb67b2e861f48aa1a99fa)] -> xpath: //form/div/div/div/textarea]\nSession ID: bb5fa82dbbfcb67b2e861f48aa1a99fa\r\n\tat java.base/jdk.internal.reflect.DirectConstructorHandleAccessor.newInstance(DirectConstructorHandleAccessor.java:67)\r\n\tat java.base/java.lang.reflect.Constructor.newInstanceWithCaller(Constructor.java:500)\r\n\tat java.base/java.lang.reflect.Constructor.newInstance(Constructor.java:484)\r\n\tat org.openqa.selenium.remote.codec.w3c.W3CHttpResponseCodec.createException(W3CHttpResponseCodec.java:200)\r\n\tat org.openqa.selenium.remote.codec.w3c.W3CHttpResponseCodec.decode(W3CHttpResponseCodec.java:133)\r\n\tat org.openqa.selenium.remote.codec.w3c.W3CHttpResponseCodec.decode(W3CHttpResponseCodec.java:53)\r\n\tat org.openqa.selenium.remote.HttpCommandExecutor.execute(HttpCommandExecutor.java:193)\r\n\tat org.openqa.selenium.remote.service.DriverCommandExecutor.invokeExecute(DriverCommandExecutor.java:183)\r\n\tat org.openqa.selenium.remote.service.DriverCommandExecutor.execute(DriverCommandExecutor.java:158)\r\n\tat org.openqa.selenium.remote.RemoteWebDriver.execute(RemoteWebDriver.java:543)\r\n\tat org.openqa.selenium.remote.RemoteWebElement.execute(RemoteWebElement.java:257)\r\n\tat org.openqa.selenium.remote.RemoteWebElement.sendKeys(RemoteWebElement.java:113)\r\n\tat java.base/jdk.internal.reflect.DirectMethodHandleAccessor.invoke(DirectMethodHandleAccessor.java:104)\r\n\tat java.base/java.lang.reflect.Method.invoke(Method.java:578)\r\n\tat org.openqa.selenium.support.pagefactory.internal.LocatingElementHandler.invoke(LocatingElementHandler.java:52)\r\n\tat jdk.proxy2/jdk.proxy2.$Proxy45.sendKeys(Unknown Source)\r\n\tat pageObjects.DataStructurePage.tryeditor(DataStructurePage.java:80)\r\n\tat stepDefinition.DatastructurePage_SD.user_enter_the_python_code_print_data_structure_introduction(DatastructurePage_SD.java:78)\r\n\tat ✽.user enter the Python code | print\"DataStructure Introduction\" |(file:///C:/Users/sreej/NinjaTestSquad/NinjaTestSquad_DSAlgo/src/test/resources/features/04-DataStructure.feature:26)\r\n"},"stage":"finished","steps":[],"attachments":[],"parameters":[],"start":1687881618025,"stop":1687881628129},{"name":"And  The user clicks on Run button","status":"skipped","statusDetails":{"known":false,"muted":false,"flaky":false},"stage":"finished","steps":[],"attachments":[],"parameters":[],"start":1687881628554,"stop":1687881628554},{"name":"Then  The user should be presented with Run output","status":"skipped","statusDetails":{"known":false,"muted":false,"flaky":false},"stage":"finished","steps":[],"attachments":[],"parameters":[],"start":1687881628554,"stop":1687881628554}],"attachments":[],"parameters":[],"start":1687881617777,"stop":1687881628555}